Unable to find image 'ghcr.io/googlechromelabs/bubblewrap:latest' locally
latest: Pulling from googlechromelabs/bubblewrap
7e44806e0d7f: Pulling fs layer
06b6c820e694: Pulling fs layer
9a69a0203501: Pulling fs layer
e94932625c5a: Pulling fs layer
7704b1a39512: Pulling fs layer
762aa0aa2e63: Pulling fs layer
8c1ed1def9d2: Pulling fs layer
9fa90b7e1816: Pulling fs layer
916926b748ba: Pulling fs layer
fe69296eff94: Pulling fs layer
374d6af5114c: Pulling fs layer
b61d09c01f6c: Pulling fs layer
8c7496c1d284: Pulling fs layer
e94932625c5a: Waiting
7704b1a39512: Waiting
8c1ed1def9d2: Waiting
762aa0aa2e63: Waiting
9fa90b7e1816: Waiting
374d6af5114c: Waiting
916926b748ba: Waiting
b61d09c01f6c: Waiting
fe69296eff94: Waiting
06b6c820e694: Verifying Checksum
06b6c820e694: Download complete
7e44806e0d7f: Verifying Checksum
7e44806e0d7f: Download complete
9a69a0203501: Verifying Checksum
9a69a0203501: Download complete
7704b1a39512: Verifying Checksum
7704b1a39512: Download complete
8c1ed1def9d2: Verifying Checksum
8c1ed1def9d2: Download complete
9fa90b7e1816: Verifying Checksum
9fa90b7e1816: Download complete
762aa0aa2e63: Verifying Checksum
762aa0aa2e63: Download complete
e94932625c5a: Verifying Checksum
e94932625c5a: Download complete
7e44806e0d7f: Pull complete
374d6af5114c: Verifying Checksum
374d6af5114c: Download complete
916926b748ba: Verifying Checksum
916926b748ba: Download complete
8c7496c1d284: Verifying Checksum
8c7496c1d284: Download complete
b61d09c01f6c: Verifying Checksum
b61d09c01f6c: Download complete
06b6c820e694: Pull complete
fe69296eff94: Verifying Checksum
fe69296eff94: Download complete
9a69a0203501: Pull complete
e94932625c5a: Pull complete
7704b1a39512: Pull complete
762aa0aa2e63: Pull complete
8c1ed1def9d2: Pull complete
9fa90b7e1816: Pull complete
916926b748ba: Pull complete
fe69296eff94: Pull complete
374d6af5114c: Pull complete
b61d09c01f6c: Pull complete
8c7496c1d284: Pull complete
Digest: sha256:bbe57abc1f6c81ff2a10ac110188b0f0a39bbb82d92146562070f9f7ce52293b
Status: Downloaded newer image for ghcr.io/googlechromelabs/bubblewrap:latest
,-----.        ,--.  ,--.  ,--.
|  |) /_,--.,--|  |-.|  |-.|  |,---.,--.   ,--,--.--.,--,--.,---.
|  .-.  |  ||  | .-. | .-. |  | .-. |  |.'.|  |  .--' ,-.  | .-. |
|  '--' '  ''  | `-' | `-' |  \   --|   .'.   |  |  \ '-'  | '-' '
`------' `----' `---' `---'`--'`----'--'   '--`--'   `--`--|  |-'
                                                           `--'    


[7mcli[0m [31mERROR "sh" is not a valid command! Use 'bubblewrap help' for a list of commands[0m


